\BOOKMARK [1][-]{section.1}{Introduction}{}% 1
\BOOKMARK [2][-]{subsection.1.1}{Motivation}{section.1}% 2
\BOOKMARK [2][-]{subsection.1.2}{FeS2 : Overview and Abinit representation}{section.1}% 3
\BOOKMARK [1][-]{section.2}{Convergence studies and pseudopotentials}{}% 4
\BOOKMARK [2][-]{subsection.2.1}{Additional parameters}{section.2}% 5
\BOOKMARK [2][-]{subsection.2.2}{Convergence of the total energy per atom as a function of the cut-off energy \(ecut\)}{section.2}% 6
\BOOKMARK [2][-]{subsection.2.3}{Convergence of the total energy per atom as a function of the number of k-points \(ngkpt\)}{section.2}% 7
\BOOKMARK [2][-]{subsection.2.4}{Convergence of acell as a function of the cut-off energy}{section.2}% 8
\BOOKMARK [2][-]{subsection.2.5}{Convergence of acell as a function of the number of k-points}{section.2}% 9
\BOOKMARK [2][-]{subsection.2.6}{Summary}{section.2}% 10
\BOOKMARK [1][-]{section.3}{Optical properties}{}% 11
\BOOKMARK [2][-]{subsection.3.1}{Electronic band structure}{section.3}% 12
\BOOKMARK [2][-]{subsection.3.2}{Electronic density of states \(DOS\)}{section.3}% 13
\BOOKMARK [1][-]{section.4}{Comparison with the litterature}{}% 14
\BOOKMARK [1][-]{section.5}{Conclusion}{}% 15
\BOOKMARK [1][-]{appendix.A}{Convergence of the total energy per atom as a function of ecut}{}% 16
\BOOKMARK [1][-]{appendix.B}{Convergence of the total energy per atom as a function of ngkpt}{}% 17
\BOOKMARK [1][-]{appendix.C}{Convergence of the lattice scale parameters as a function of ecut}{}% 18
\BOOKMARK [1][-]{appendix.D}{Convergence of the lattice scale parameters as a function of ngkpt}{}% 19
\BOOKMARK [1][-]{appendix.E}{Band structure : k-path generation using Absitruct \(Abipy\)}{}% 20
\BOOKMARK [1][-]{appendix.F}{Band structure computation}{}% 21
\BOOKMARK [1][-]{appendix.G}{Band structure : Materials Project}{}% 22
\BOOKMARK [1][-]{appendix.H}{Electronic density of states}{}% 23
