\BOOKMARK [1][-]{section.1}{Introduction}{}% 1
\BOOKMARK [2][-]{subsection.1.1}{Motivations}{section.1}% 2
\BOOKMARK [2][-]{subsection.1.2}{Pyrite : Overview and Abinit representation}{section.1}% 3
\BOOKMARK [1][-]{section.2}{Convergence studies and pseudopotentials}{}% 4
\BOOKMARK [2][-]{subsection.2.1}{Additional parameters}{section.2}% 5
\BOOKMARK [2][-]{subsection.2.2}{Determination of the optimal k-points grid}{section.2}% 6
\BOOKMARK [2][-]{subsection.2.3}{Convergence with respect to the cut-off energy \(ecut\)}{section.2}% 7
\BOOKMARK [2][-]{subsection.2.4}{Convergence with respect to the number of k-points \(ngkpt\)}{section.2}% 8
\BOOKMARK [2][-]{subsection.2.5}{Determination of the lattice parameters \(relaxation\)}{section.2}% 9
\BOOKMARK [2][-]{subsection.2.6}{Convergence with respect to both the number of k-points and the broadening factor}{section.2}% 10
\BOOKMARK [2][-]{subsection.2.7}{Summary}{section.2}% 11
\BOOKMARK [1][-]{section.3}{Optical properties}{}% 12
\BOOKMARK [2][-]{subsection.3.1}{Electronic band structure}{section.3}% 13
\BOOKMARK [1][-]{section.4}{Comparison with the litterature}{}% 14
\BOOKMARK [1][-]{section.5}{Conclusion}{}% 15
\BOOKMARK [1][-]{section.6}{Appendices}{}% 16
\BOOKMARK [2][-]{subsection.6.1}{Determination of the optimal k-points grid}{section.6}% 17
\BOOKMARK [2][-]{subsection.6.2}{Convergence study with respect to ecut}{section.6}% 18
\BOOKMARK [2][-]{subsection.6.3}{Convergence study with respect to ngkpt}{section.6}% 19
\BOOKMARK [2][-]{subsection.6.4}{Structural relaxation}{section.6}% 20
